Copyright 1986-2022 Xilinx, Inc. All Rights Reserved. Copyright 2022-2025 Advanced Micro Devices, Inc. All Rights Reserved.
---------------------------------------------------------------------------------------------------------------------------------------------
| Tool Version : Vivado v.2025.2 (lin64) Build 6299465 Fri Nov 14 12:34:56 MST 2025
| Date         : Thu Mar 19 18:37:46 2026
| Host         : khwl-main-pc running 64-bit Ubuntu 24.04.4 LTS
| Command      : report_incremental_reuse -file RV32IM72F8SPSoCTOP_incremental_reuse_routed.rpt
| Design       : RV32IM72F8SPSoCTOP
| Device       : xc7a200t
| Design State : Routed
---------------------------------------------------------------------------------------------------------------------------------------------

Incremental Implementation Information

Table of Contents
-----------------
1. Incremental Flow Summary
2. Reuse Summary
3. Reference Checkpoint Information
4. Comparison with Reference Run
5. Optimization Comparison With Reference Run
5.1 iphys_opt_replay Optimizations
5.2 QoR Suggestion Optimizations
6. Command Comparison with Reference Run
6.1 Reference:
6.2 Incremental:
7. Non Reuse Information

1. Incremental Flow Summary
---------------------------

+-----------------------+------------------+
|    Flow Information   |       Value      |
+-----------------------+------------------+
| Synthesis Flow        |          Default |
| Auto Incremental      |              Yes |
| Incremental Directive | RuntimeOptimized |
| Target WNS            |              0.0 |
| QoR Suggestions       |                0 |
+-----------------------+------------------+


2. Reuse Summary
----------------

+-------+------------------------------+------------------------------------+----------------------------+--------------------+-------+
|  Type | Matched % (of Initial Total) | Initial Reuse % (of Initial Total) | Current Reuse % (of Total) | Fixed % (of Total) | Total |
+-------+------------------------------+------------------------------------+----------------------------+--------------------+-------+
| Cells |                       100.00 |                             100.00 |                     100.00 |               0.41 |  6317 |
| Nets  |                       100.00 |                             100.00 |                     100.00 |               0.00 |  5229 |
| Pins  |                            - |                             100.00 |                     100.00 |                  - | 28705 |
| Ports |                       100.00 |                             100.00 |                     100.00 |             100.00 |    22 |
+-------+------------------------------+------------------------------------+----------------------------+--------------------+-------+


3. Reference Checkpoint Information
-----------------------------------

+----------------+------------------------------------------------------------------------------------------------------------+
| DCP Location:  | /home/khwl/Desktop/HDMI_RISC-V_v2/HDMI_demo/HDMI_demo.srcs/utils_1/imports/impl_1/HDMI_Test_Top_routed.dcp |
+----------------+------------------------------------------------------------------------------------------------------------+


+--------------------------------+----------------------------+
|         DCP Information        |            Value           |
+--------------------------------+----------------------------+
| Vivado Version                 |                     2025.2 |
| DCP State                      |                 POST_ROUTE |
| Recorded WNS                   |                      0.167 |
| Recorded WHS                   |                      0.102 |
| Reference Speed File Version   | PRODUCTION 1.23 2018-06-13 |
| Incremental Speed File Version | PRODUCTION 1.23 2018-06-13 |
+--------------------------------+----------------------------+
* Recorded WNS/WHS timing numbers are estimated timing numbers. They may vary slightly from sign-off timing numbers.


4. Comparison with Reference Run
--------------------------------

+-----------------+---------------------------+---------------------------+---------------------------+
|                 |          WNS(ns)          |  Runtime(elapsed)(hh:mm)  |    Runtime(cpu)(hh:mm)    |
+-----------------+-------------+-------------+-------------+-------------+-------------+-------------+
|      Stage      |  Reference  | Incremental |  Reference  | Incremental |  Reference  | Incremental |
+-----------------+-------------+-------------+-------------+-------------+-------------+-------------+
| synth_design    |             |             |     < 1 min |     < 1 min |     < 1 min |     < 1 min |
| opt_design      |             |             |     < 1 min |     < 1 min |     < 1 min |     < 1 min |
| read_checkpoint |             |             |     < 1 min |     < 1 min |     < 1 min |     < 1 min |
| place_design    |       0.167 |       0.167 |     < 1 min |     < 1 min |     < 1 min |     < 1 min |
| phys_opt_design |       0.167 |       0.167 |     < 1 min |     < 1 min |     < 1 min |     < 1 min |
| route_design    |       0.174 |       0.174 |     < 1 min |     < 1 min |     < 1 min |     < 1 min |
+-----------------+-------------+-------------+-------------+-------------+-------------+-------------+


5. Optimization Comparison With Reference Run
---------------------------------------------

5.1 iphys_opt_replay Optimizations
----------------------------------

+-------------------------+--------+------------+
| iphys_opt_design replay | Reused | Not Reused |
+-------------------------+--------+------------+
| fanout_opt              |      1 |          0 |
+-------------------------+--------+------------+


5.2 QoR Suggestion Optimizations
--------------------------------

+-------------------------------------+-------+
|           QoR Suggestions           | Value |
+-------------------------------------+-------+
| QoR Suggestions (Recommended)       |     0 |
|   Suggestions Included In Reference |     0 |
|     Yet to apply                    |     0 |
|     Applied                         |     0 |
|     Failed to apply                 |     0 |
|   New Suggestions (INCR_FRIENDLY=1) |     0 |
|     Yet to apply                    |     0 |
|     Applied                         |     0 |
|     Failed to apply                 |     0 |
| QoR Suggestions (Not Recommended)   |     0 |
|   New Suggestions (INCR_FRIENDLY=0) |     0 |
|     Yet to apply                    |     0 |
|     Applied                         |     0 |
|     Failed to apply                 |     0 |
| Disabled New Suggestions            |     0 |
+-------------------------------------+-------+


6. Command Comparison with Reference Run
----------------------------------------

6.1 Reference:
--------------
synth_design-define default::[not_specified] -verilog_define default::[not_specified] -vhdl_define default::[not_specified] -top  RV32IM72F8SPSoCTOP -part  xc7a200tsbg484-1 
opt_design
read_checkpoint -directive RuntimeOptimized  -incremental -auto_incremental /home/khwl/Desktop/HDMI_RISC-V_v2/HDMI_demo/HDMI_demo.srcs/utils_1/imports/impl_1/HDMI_Test_Top_routed.dcp
place_design
phys_opt_design
route_design

6.2 Incremental:
----------------
synth_design-define default::[not_specified] -verilog_define default::[not_specified] -vhdl_define default::[not_specified] -top  RV32IM72F8SPSoCTOP -part  xc7a200tsbg484-1 
opt_design
read_checkpoint -directive RuntimeOptimized  -incremental -auto_incremental /home/khwl/Desktop/HDMI_RISC-V_v2/HDMI_demo/HDMI_demo.srcs/utils_1/imports/impl_1/HDMI_Test_Top_routed.dcp
place_design
phys_opt_design
route_design

7. Non Reuse Information
------------------------

+-----------------------+------+
|          Type         |   %  |
+-----------------------+------+
| Non-Reused Cells      | 0.00 |
| Partially reused nets | 0.00 |
| Non-Reused nets       | 0.00 |
| Non-Reused Ports      | 0.00 |
+-----------------------+------+


