Copyright 1986-2022 Xilinx, Inc. All Rights Reserved. Copyright 2022-2025 Advanced Micro Devices, Inc. All Rights Reserved.
----------------------------------------------------------------------------------------------------------------------------------------------------------------------------
| Tool Version     : Vivado v.2025.2 (lin64) Build 6299465 Fri Nov 14 12:34:56 MST 2025
| Date             : Thu Mar 19 18:37:47 2026
| Host             : khwl-main-pc running 64-bit Ubuntu 24.04.4 LTS
| Command          : report_power -file RV32IM72F8SPSoCTOP_power_routed.rpt -pb RV32IM72F8SPSoCTOP_power_summary_routed.pb -rpx RV32IM72F8SPSoCTOP_power_routed.rpx
| Design           : RV32IM72F8SPSoCTOP
| Device           : xc7a200tsbg484-1
| Design State     : routed
| Grade            : commercial
| Process          : typical
| Characterization : Production
----------------------------------------------------------------------------------------------------------------------------------------------------------------------------

Power Report

Table of Contents
-----------------
1. Summary
1.1 On-Chip Components
1.2 Power Supply Summary
1.3 Confidence Level
2. Settings
2.1 Environment
2.2 Clock Constraints
3. Detailed Reports
3.1 By Hierarchy

1. Summary
----------

+--------------------------+--------------+
| Total On-Chip Power (W)  | 0.445        |
| Design Power Budget (W)  | Unspecified* |
| Power Budget Margin (W)  | NA           |
| Dynamic (W)              | 0.292        |
| Device Static (W)        | 0.153        |
| Effective TJA (C/W)      | 3.3          |
| Max Ambient (C)          | 83.5         |
| Junction Temperature (C) | 26.5         |
| Confidence Level         | Low          |
| Setting File             | ---          |
| Simulation Activity File | ---          |
| Design Nets Matched      | NA           |
+--------------------------+--------------+
* Specify Design Power Budget using, set_operating_conditions -design_power_budget <value in Watts>


1.1 On-Chip Components
----------------------

+--------------------------+-----------+----------+-----------+-----------------+
| On-Chip                  | Power (W) | Used     | Available | Utilization (%) |
+--------------------------+-----------+----------+-----------+-----------------+
| Clocks                   |     0.014 |        7 |       --- |             --- |
| Slice Logic              |     0.005 |     6338 |       --- |             --- |
|   LUT as Logic           |     0.004 |     2905 |    133800 |            2.17 |
|   CARRY4                 |    <0.001 |      221 |     33450 |            0.66 |
|   Register               |    <0.001 |     2570 |    267600 |            0.96 |
|   LUT as Distributed RAM |    <0.001 |       44 |     46200 |            0.10 |
|   F7/F8 Muxes            |    <0.001 |       32 |    133800 |            0.02 |
|   LUT as Shift Register  |    <0.001 |        2 |     46200 |           <0.01 |
|   Others                 |     0.000 |       74 |       --- |             --- |
| Signals                  |     0.009 |     5568 |       --- |             --- |
| Block RAM                |     0.029 |       18 |       365 |            4.93 |
| PLL                      |     0.103 |        1 |        10 |           10.00 |
| DSPs                     |    <0.001 |        4 |       740 |            0.54 |
| I/O                      |     0.132 |       22 |       285 |            7.72 |
| Static Power             |     0.153 |          |           |                 |
| Total                    |     0.445 |          |           |                 |
+--------------------------+-----------+----------+-----------+-----------------+


1.2 Power Supply Summary
------------------------

+-----------+-------------+-----------+-------------+------------+-------------+-------------+------------+
| Source    | Voltage (V) | Total (A) | Dynamic (A) | Static (A) | Powerup (A) | Budget (A)  | Margin (A) |
+-----------+-------------+-----------+-------------+------------+-------------+-------------+------------+
| Vccint    |       1.000 |     0.094 |       0.062 |      0.032 |       NA    | Unspecified | NA         |
| Vccaux    |       1.800 |     0.084 |       0.054 |      0.031 |       NA    | Unspecified | NA         |
| Vcco33    |       3.300 |     0.045 |       0.040 |      0.005 |       NA    | Unspecified | NA         |
| Vcco25    |       2.500 |     0.005 |       0.000 |      0.005 |       NA    | Unspecified | NA         |
| Vcco18    |       1.800 |     0.000 |       0.000 |      0.000 |       NA    | Unspecified | NA         |
| Vcco15    |       1.500 |     0.000 |       0.000 |      0.000 |       NA    | Unspecified | NA         |
| Vcco135   |       1.350 |     0.000 |       0.000 |      0.000 |       NA    | Unspecified | NA         |
| Vcco12    |       1.200 |     0.000 |       0.000 |      0.000 |       NA    | Unspecified | NA         |
| Vccaux_io |       1.800 |     0.000 |       0.000 |      0.000 |       NA    | Unspecified | NA         |
| Vccbram   |       1.000 |     0.004 |       0.002 |      0.001 |       NA    | Unspecified | NA         |
| MGTAVcc   |       1.000 |     0.000 |       0.000 |      0.000 |       NA    | Unspecified | NA         |
| MGTAVtt   |       1.200 |     0.000 |       0.000 |      0.000 |       NA    | Unspecified | NA         |
| Vccadc    |       1.800 |     0.020 |       0.000 |      0.020 |       NA    | Unspecified | NA         |
+-----------+-------------+-----------+-------------+------------+-------------+-------------+------------+


1.3 Confidence Level
--------------------

+-----------------------------+------------+--------------------------------------------------------+------------------------------------------------------------------------------------------------------------+
| User Input Data             | Confidence | Details                                                | Action                                                                                                     |
+-----------------------------+------------+--------------------------------------------------------+------------------------------------------------------------------------------------------------------------+
| Design implementation state | High       | Design is routed                                       |                                                                                                            |
| Clock nodes activity        | High       | User specified more than 95% of clocks                 |                                                                                                            |
| I/O nodes activity          | Low        | More than 75% of inputs are missing user specification | Provide missing input activity with simulation results or by editing the "By Resource Type -> I/Os" view   |
| Internal nodes activity     | Medium     | User specified less than 25% of internal nodes         | Provide missing internal nodes activity with simulation results or by editing the "By Resource Type" views |
| Device models               | High       | Device models are Production                           |                                                                                                            |
|                             |            |                                                        |                                                                                                            |
| Overall confidence level    | Low        |                                                        |                                                                                                            |
+-----------------------------+------------+--------------------------------------------------------+------------------------------------------------------------------------------------------------------------+


2. Settings
-----------

2.1 Environment
---------------

+-----------------------+--------------------------+
| Ambient Temp (C)      | 25.0                     |
| ThetaJA (C/W)         | 3.3                      |
| Airflow (LFM)         | 250                      |
| Heat Sink             | medium (Medium Profile)  |
| ThetaSA (C/W)         | 4.6                      |
| Board Selection       | medium (10"x10")         |
| # of Board Layers     | 12to15 (12 to 15 Layers) |
| Board Temperature (C) | 25.0                     |
+-----------------------+--------------------------+


2.2 Clock Constraints
---------------------

+----------------------+------------------------------------+-----------------+
| Clock                | Domain                             | Constraint (ns) |
+----------------------+------------------------------------+-----------------+
| clk_out1_clk_wiz_0_1 | master_pll/inst/clk_out1_clk_wiz_0 |            10.0 |
| clk_out2_clk_wiz_0_1 | master_pll/inst/clk_out2_clk_wiz_0 |            40.0 |
| clk_out3_clk_wiz_0_1 | master_pll/inst/clk_out3_clk_wiz_0 |             8.0 |
| clkfbout_clk_wiz_0_1 | master_pll/inst/clkfbout_clk_wiz_0 |            10.0 |
| sys_clk              | clk                                |            10.0 |
+----------------------+------------------------------------+-----------------+


3. Detailed Reports
-------------------

3.1 By Hierarchy
----------------

+--------------------------------------+-----------+
| Name                                 | Power (W) |
+--------------------------------------+-----------+
| RV32IM72F8SPSoCTOP                   |     0.292 |
|   clint                              |     0.001 |
|   hdmi_encoder                       |     0.133 |
|     U0                               |     0.133 |
|       ClockSerializer                |     0.033 |
|       DataEncoders[0].DataSerializer |     0.033 |
|       DataEncoders[1].DataSerializer |     0.033 |
|       DataEncoders[2].DataSerializer |     0.033 |
|   master_pll                         |     0.104 |
|     inst                             |     0.104 |
|   rv32im72f_8sp                      |     0.051 |
|     alu                              |     0.003 |
|       divider_word                   |     0.001 |
|       multiplier_word                |     0.002 |
|     csr_file                         |     0.002 |
|     data_memory                      |     0.011 |
|     ex_ex2_register                  |     0.003 |
|     ex_mem_register                  |     0.002 |
|     exr_ex_register                  |     0.003 |
|     id_exr_register                  |     0.002 |
|     instruction_memory               |     0.018 |
|     io_id_register                   |     0.001 |
|     trap_controller                  |     0.001 |
+--------------------------------------+-----------+


