Copyright 1986-2022 Xilinx, Inc. All Rights Reserved. Copyright 2022-2025 Advanced Micro Devices, Inc. All Rights Reserved.
---------------------------------------------------------------------------------------------------------------------------------------------
| Tool Version : Vivado v.2025.2 (lin64) Build 6299465 Fri Nov 14 12:34:56 MST 2025
| Date         : Thu Mar 19 18:37:42 2026
| Host         : khwl-main-pc running 64-bit Ubuntu 24.04.4 LTS
| Command      : report_control_sets -verbose -file RV32IM72F8SPSoCTOP_control_sets_placed.rpt
| Design       : RV32IM72F8SPSoCTOP
| Device       : xc7a200t
---------------------------------------------------------------------------------------------------------------------------------------------

Control Set Information

Table of Contents
-----------------
1. Summary
2. Histogram
3. Flip-Flop Distribution
4. Detailed Control Set Information

1. Summary
----------

+----------------------------------------------------------+-------+
|                          Status                          | Count |
+----------------------------------------------------------+-------+
| Total control sets                                       |    70 |
|    Minimum number of control sets                        |    34 |
|    Addition due to synthesis replication                 |     0 |
|    Addition due to physical synthesis replication        |    36 |
| Unused register locations in slices containing registers |   262 |
+----------------------------------------------------------+-------+
* Control sets can be merged at opt_design using control_set_merge or merge_equivalent_drivers
** Run report_qor_suggestions for automated merging and remapping suggestions


2. Histogram
------------

+--------------------+-------+
|       Fanout       | Count |
+--------------------+-------+
| Total control sets |    70 |
| >= 0 to < 4        |    10 |
| >= 4 to < 6        |     3 |
| >= 6 to < 8        |     1 |
| >= 8 to < 10       |     5 |
| >= 10 to < 12      |     6 |
| >= 12 to < 14      |     5 |
| >= 14 to < 16      |     4 |
| >= 16              |    36 |
+--------------------+-------+
* Control sets can be remapped at either synth_design or opt_design


3. Flip-Flop Distribution
-------------------------

+--------------+-----------------------+------------------------+-----------------+--------------+
| Clock Enable | Synchronous Set/Reset | Asynchronous Set/Reset | Total Registers | Total Slices |
+--------------+-----------------------+------------------------+-----------------+--------------+
| No           | No                    | No                     |              73 |           32 |
| No           | No                    | Yes                    |             138 |           59 |
| No           | Yes                   | No                     |              69 |           31 |
| Yes          | No                    | No                     |              40 |           13 |
| Yes          | No                    | Yes                    |             913 |          319 |
| Yes          | Yes                   | No                     |            1337 |          410 |
+--------------+-----------------------+------------------------+-----------------+--------------+


4. Detailed Control Set Information
-----------------------------------

+---------------------------+---------------------------------------------------------------+-----------------------------------------------------------------------+------------------+----------------+--------------+
|        Clock Signal       |                         Enable Signal                         |                            Set/Reset Signal                           | Slice Load Count | Bel Load Count | Bels / Slice |
+---------------------------+---------------------------------------------------------------+-----------------------------------------------------------------------+------------------+----------------+--------------+
|  master_pll/inst/clk_out1 | uart_tx/tx_i_1_n_0                                            | internal_reset                                                        |                1 |              1 |         1.00 |
|  master_pll/inst/clk_out1 | keyboard/led_OBUF[0]                                          | internal_reset_repN_3                                                 |                1 |              1 |         1.00 |
|  master_pll/inst/clk_out1 |                                                               | internal_reset_repN_4                                                 |                1 |              1 |         1.00 |
|  master_pll/inst/clk_out1 | dbg_ps2_edge_seen_i_1_n_0                                     | internal_reset_repN_3                                                 |                1 |              1 |         1.00 |
|  master_pll/inst/clk_out1 | ps2_data_ever_low_i_1_n_0                                     | internal_reset_repN                                                   |                1 |              1 |         1.00 |
|  master_pll/inst/clk_out1 | ps2_clk_ever_low_i_1_n_0                                      | internal_reset_repN_3                                                 |                1 |              1 |         1.00 |
|  master_pll/inst/clk_out1 | rv32im72f_8sp/alu/divider_word/FSM_onehot_state[3]_i_1_n_0    | internal_reset_repN                                                   |                1 |              2 |         2.00 |
|  master_pll/inst/clk_out1 | rv32im72f_8sp/alu/divider_word/FSM_onehot_state[3]_i_1_n_0    | internal_reset_repN_3                                                 |                1 |              2 |         2.00 |
|  master_pll/inst/clk_out2 |                                                               | reset_sync[2]_i_1_n_0                                                 |                2 |              3 |         1.50 |
|  master_pll/inst/clk_out1 | keyboard/scan_code[7]_i_1_n_0                                 | internal_reset                                                        |                1 |              3 |         3.00 |
|  master_pll/inst/clk_out1 | rv32im72f_8sp/trap_controller/cpu_clk_enable_reg[0]           | internal_reset_repN_1                                                 |                2 |              4 |         2.00 |
|  master_pll/inst/clk_out1 | uart_tx/bit_counter[3]_i_1__0_n_0                             | internal_reset                                                        |                1 |              4 |         4.00 |
|  master_pll/inst/clk_out1 | rv32im72f_8sp/alu/multiplier_word/FSM_onehot_stage[3]_i_1_n_0 | internal_reset_repN_3                                                 |                1 |              4 |         4.00 |
|  master_pll/inst/clk_out1 | keyboard/scan_code[7]_i_1_n_0                                 | internal_reset_repN_1                                                 |                2 |              7 |         3.50 |
|  master_pll/inst/clk_out1 | rv32im72f_8sp/ex_mem_register/MEM_alu_result_reg[28]_0        | rv32im72f_8sp/ex_mem_register/MEM_funct3_reg[1]_0                     |                2 |              8 |         4.00 |
|  master_pll/inst/clk_out1 | rv32im72f_8sp/trap_controller/cpu_clk_enable_reg[0]           | internal_reset_repN_4                                                 |                4 |              8 |         2.00 |
|  master_pll/inst/clk_out1 | rv32im72f_8sp/id_exr_register/cpu_clk_enable_reg_0[0]         | internal_reset_repN                                                   |                5 |              8 |         1.60 |
|  master_pll/inst/clk_out1 |                                                               | reset_sync[2]_i_1_n_0                                                 |                7 |              8 |         1.14 |
|  master_pll/inst/clk_out1 | uart_tx/shift_reg[8]_i_1_n_0                                  | internal_reset                                                        |                4 |              9 |         2.25 |
|  master_pll/inst/clk_out1 | cpu_clk_enable                                                | internal_reset_repN                                                   |                6 |             10 |         1.67 |
|  master_pll/inst/clk_out2 |                                                               | hdmi_encoder/U0/DataEncoders[0].DataEncoder/pDataOutRaw[9]_i_1__1_n_0 |                4 |             10 |         2.50 |
|  master_pll/inst/clk_out1 |                                                               | internal_reset_repN                                                   |                7 |             10 |         1.43 |
|  master_pll/inst/clk_out2 | vga_timing/h_end                                              | vga_timing/vcount[9]_i_1_n_0                                          |                3 |             10 |         3.33 |
|  master_pll/inst/clk_out2 |                                                               | vga_timing/hcount[10]_i_1_n_0                                         |                4 |             11 |         2.75 |
|  master_pll/inst/clk_out1 | mmio_interface/mmio_uart_tx_start_reg_0[0]                    | internal_reset                                                        |                3 |             11 |         3.67 |
|  master_pll/inst/clk_out1 | cpu_clk_enable                                                |                                                                       |                4 |             12 |         3.00 |
|  master_pll/inst/clk_out1 |                                                               |                                                                       |               10 |             12 |         1.20 |
|  master_pll/inst/clk_out1 | cpu_clk_enable                                                | rv32im72f_8sp/ex_ex2_register/ID_branch_estimation0_out               |                7 |             13 |         1.86 |
|  master_pll/inst/clk_out1 |                                                               | internal_reset                                                        |                8 |             13 |         1.62 |
|  master_pll/inst/clk_out1 | rv32im72f_8sp/exception_detector/E[0]                         | internal_reset_repN_4                                                 |                5 |             13 |         2.60 |
|  master_pll/inst/clk_out1 | rv32im72f_8sp/exception_detector/WB_raw_imm_reg[6]_1[0]       | internal_reset_repN_4                                                 |                4 |             14 |         3.50 |
|  master_pll/inst/clk_out1 | rv32im72f_8sp/exception_detector/WB_raw_imm_reg[6][0]         | internal_reset_repN_4                                                 |                5 |             14 |         2.80 |
|  master_pll/inst/clk_out1 | keyboard/ps2_falling_edge                                     | internal_reset                                                        |                5 |             15 |         3.00 |
|  master_pll/inst/clk_out1 | rv32im72f_8sp/exception_detector/WB_raw_imm_reg[1][0]         | internal_reset_repN_4                                                 |                7 |             15 |         2.14 |
|  master_pll/inst/clk_out1 | rv32im72f_8sp/exception_detector/WB_raw_imm_reg[1][0]         | internal_reset                                                        |                8 |             17 |         2.12 |
|  master_pll/inst/clk_out2 |                                                               | pixel_reset                                                           |                6 |             18 |         3.00 |
|  master_pll/inst/clk_out1 | rv32im72f_8sp/exception_detector/WB_raw_imm_reg[6]_1[0]       | internal_reset                                                        |                8 |             18 |         2.25 |
|  master_pll/inst/clk_out1 | rv32im72f_8sp/exception_detector/WB_raw_imm_reg[6][0]         | internal_reset                                                        |                7 |             18 |         2.57 |
|  master_pll/inst/clk_out1 | rv32im72f_8sp/exception_detector/E[0]                         | internal_reset                                                        |                6 |             19 |         3.17 |
|  master_pll/inst/clk_out1 | rv32im72f_8sp/trap_controller/cpu_clk_enable_reg[0]           | internal_reset                                                        |               12 |             20 |         1.67 |
|  master_pll/inst/clk_out1 | rv32im72f_8sp/alu/divider_word/bit_counter[5]_i_1_n_0         | internal_reset_repN_3                                                 |                7 |             20 |         2.86 |
|  master_pll/inst/clk_out1 | rv32im72f_8sp/ex_mem_register/E[0]                            | internal_reset_repN_4                                                 |                8 |             20 |         2.50 |
|  master_pll/inst/clk_out1 |                                                               | internal_reset_repN_2                                                 |                7 |             25 |         3.57 |
|  master_pll/inst/clk_out1 | rv32im72f_8sp/alu/multiplier_word/prod_high[31]_i_1_n_0       | internal_reset_repN_3                                                 |                6 |             27 |         4.50 |
|  master_pll/inst/clk_out1 | rv32im72f_8sp/ex_mem_register/MEM_alu_result_reg[28]_0        |                                                                       |                9 |             28 |         3.11 |
|  master_pll/inst/clk_out1 | rv32im72f_8sp/id_exr_register/cpu_clk_enable_reg_0[0]         | internal_reset_repN_1                                                 |               15 |             30 |         2.00 |
|  master_pll/inst/clk_out1 | rv32im72f_8sp/alu/divider_word/quotient_reg[31]_i_1_n_0       | internal_reset_repN_3                                                 |                8 |             32 |         4.00 |
|  master_pll/inst/clk_out1 | cpu_clk_enable                                                | internal_reset_repN_1                                                 |               19 |             32 |         1.68 |
|  master_pll/inst/clk_out2 |                                                               | hdmi_encoder/U0/DataEncoders[0].DataEncoder/SR[0]                     |               18 |             32 |         1.78 |
|  master_pll/inst/clk_out1 | rv32im72f_8sp/alu/divider_word/quotient_reg[31]_i_1_n_0       | internal_reset_repN                                                   |                8 |             32 |         4.00 |
|  master_pll/inst/clk_out1 | mmio_interface/clint_addr_reg[2]_0[1]                         | internal_reset_repN_1                                                 |               11 |             32 |         2.91 |
|  master_pll/inst/clk_out1 | mmio_interface/clint_addr_reg[2]_0[0]                         | internal_reset_repN_1                                                 |               12 |             32 |         2.67 |
|  master_pll/inst/clk_out1 | rv32im72f_8sp/ex_ex2_register/instruction0                    | internal_reset_repN_1                                                 |                7 |             32 |         4.57 |
|  master_pll/inst/clk_out1 | rv32im72f_8sp/trap_controller/mmio_read_sel0                  | rv32im72f_8sp/trap_controller/EX_MEM_flush                            |               21 |             33 |         1.57 |
|  master_pll/inst/clk_out1 | rv32im72f_8sp/alu/divider_word/quotient_sign4_out             | internal_reset_repN                                                   |                9 |             34 |         3.78 |
|  master_pll/inst/clk_out1 | rv32im72f_8sp/exr_ex_register/cpu_clk_enable_reg[0]           | internal_reset_repN                                                   |               14 |             34 |         2.43 |
|  master_pll/inst/clk_out1 | rv32im72f_8sp/alu/multiplier_word/cpu_clk_enable_reg          | internal_reset_repN_3                                                 |               15 |             36 |         2.40 |
|  master_pll/inst/clk_out1 | rv32im72f_8sp/alu/multiplier_word/prod_high[31]_i_1_n_0       | internal_reset_repN                                                   |                9 |             37 |         4.11 |
|  master_pll/inst/clk_out1 | rv32im72f_8sp/alu/divider_word/bit_counter[5]_i_1_n_0         | internal_reset_repN                                                   |               19 |             50 |         2.63 |
|  master_pll/inst/clk_out2 |                                                               |                                                                       |               23 |             63 |         2.74 |
|  master_pll/inst/clk_out1 | rv32im72f_8sp/csr_file/minstret[0]                            | internal_reset                                                        |               16 |             64 |         4.00 |
|  master_pll/inst/clk_out1 | cpu_clk_enable                                                | internal_reset                                                        |               16 |             64 |         4.00 |
|  master_pll/inst/clk_out1 | rv32im72f_8sp/alu/multiplier_word/result_sign_s11_out         | internal_reset_repN_3                                                 |               17 |             65 |         3.82 |
|  master_pll/inst/clk_out1 |                                                               | internal_reset_repN_1                                                 |               26 |             76 |         2.92 |
|  master_pll/inst/clk_out1 | rv32im72f_8sp/mem_wb_register/p_0_in2_out                     |                                                                       |               11 |             88 |         8.00 |
|  master_pll/inst/clk_out1 | rv32im72f_8sp/if_io_register/IO_pc[31]_i_2_n_0                | rv32im72f_8sp/ex_ex2_register/SR[0]                                   |               26 |             95 |         3.65 |
|  master_pll/inst/clk_out1 | rv32im72f_8sp/trap_controller/mmio_read_sel0                  | rv32im72f_8sp/ex_ex2_register/EX2_register_write_enable0_out          |               83 |            261 |         3.14 |
|  master_pll/inst/clk_out1 | rv32im72f_8sp/trap_controller/mmio_read_sel0                  | rv32im72f_8sp/trap_controller/SR[0]                                   |               88 |            275 |         3.12 |
|  master_pll/inst/clk_out1 | rv32im72f_8sp/trap_controller/mmio_read_sel0                  | rv32im72f_8sp/ex_ex2_register/cpu_clk_enable_reg_1[0]                 |               95 |            295 |         3.11 |
|  master_pll/inst/clk_out1 | rv32im72f_8sp/id_exr_register/E[0]                            | rv32im72f_8sp/ex_ex2_register/ID_branch_estimation0_out               |               85 |            347 |         4.08 |
+---------------------------+---------------------------------------------------------------+-----------------------------------------------------------------------+------------------+----------------+--------------+


